  [1m[35m (334.0ms)[0m  [1m[35mCREATE DATABASE "Reddit_Clone_development" ENCODING = 'unicode'[0m
  ↳ bin/rails:9
  [1m[35m (235.4ms)[0m  [1m[35mCREATE DATABASE "Reddit_Clone_test" ENCODING = 'unicode'[0m
  ↳ bin/rails:9
  [1m[35m (37.2ms)[0m  [1m[35mCREATE TABLE "schema_migrations" ("version" character varying NOT NULL PRIMARY KEY)[0m
  ↳ bin/rails:9
  [1m[35m (22.2ms)[0m  [1m[35mCREATE TABLE "ar_internal_metadata" ("key" character varying NOT NULL PRIMARY KEY, "value" character varying, "created_at" timestamp NOT NULL, "updated_at" timestamp NOT NULL)[0m
  ↳ bin/rails:9
  [1m[35m (0.9ms)[0m  [1m[34mSELECT pg_try_advisory_lock(6737355175553333625)[0m
  ↳ bin/rails:9
  [1m[35m (1.5ms)[0m  [1m[34mSELECT "schema_migrations"."version" FROM "schema_migrations" ORDER BY "schema_migrations"."version" ASC[0m
  ↳ bin/rails:9
Migrating to CreateUsers (20200522163102)
  [1m[35m (6.4ms)[0m  [1m[35mBEGIN[0m
  ↳ bin/rails:9
  [1m[35m (26.7ms)[0m  [1m[35mCREATE TABLE "users" ("id" bigserial primary key, "username" character varying NOT NULL, "password_digest" character varying NOT NULL, "session_token" character varying NOT NULL, "created_at" timestamp NOT NULL, "updated_at" timestamp NOT NULL)[0m
  ↳ db/migrate/20200522163102_create_users.rb:3
  [1m[35m (1.8ms)[0m  [1m[35mCREATE UNIQUE INDEX  "index_users_on_username" ON "users"  ("username")[0m
  ↳ db/migrate/20200522163102_create_users.rb:9
  [1m[35m (2.7ms)[0m  [1m[35mCREATE UNIQUE INDEX  "index_users_on_session_token" ON "users"  ("session_token")[0m
  ↳ db/migrate/20200522163102_create_users.rb:10
  [1m[36mActiveRecord::SchemaMigration Create (1.8ms)[0m  [1m[32mINSERT INTO "schema_migrations" ("version") VALUES ($1) RETURNING "version"[0m  [["version", "20200522163102"]]
  ↳ bin/rails:9
  [1m[35m (0.5ms)[0m  [1m[35mCOMMIT[0m
  ↳ bin/rails:9
  [1m[36mActiveRecord::InternalMetadata Load (1.0ms)[0m  [1m[34mSELECT  "ar_internal_metadata".* FROM "ar_internal_metadata" WHERE "ar_internal_metadata"."key" = $1 LIMIT $2[0m  [["key", "environment"], ["LIMIT", 1]]
  ↳ bin/rails:9
  [1m[35m (0.2ms)[0m  [1m[35mBEGIN[0m
  ↳ bin/rails:9
  [1m[36mActiveRecord::InternalMetadata Create (11.2ms)[0m  [1m[32mINSERT INTO "ar_internal_metadata" ("key", "value", "created_at", "updated_at") VALUES ($1, $2, $3, $4) RETURNING "key"[0m  [["key", "environment"], ["value", "development"], ["created_at", "2020-05-22 16:35:05.293224"], ["updated_at", "2020-05-22 16:35:05.293224"]]
  ↳ bin/rails:9
  [1m[35m (0.5ms)[0m  [1m[35mCOMMIT[0m
  ↳ bin/rails:9
  [1m[35m (0.6ms)[0m  [1m[34mSELECT pg_advisory_unlock(6737355175553333625)[0m
  ↳ bin/rails:9
  [1m[35m (0.9ms)[0m  [1m[34mSELECT "schema_migrations"."version" FROM "schema_migrations" ORDER BY "schema_migrations"."version" ASC[0m
  ↳ bin/rails:9
  [1m[35m (1.6ms)[0m  [1m[34mSELECT "schema_migrations"."version" FROM "schema_migrations" ORDER BY "schema_migrations"."version" ASC[0m
  ↳ bin/rails:9
  [1m[35m (1.3ms)[0m  [1m[34mSELECT "schema_migrations"."version" FROM "schema_migrations" ORDER BY "schema_migrations"."version" ASC[0m
  ↳ /Users/wendykuang/.rbenv/versions/2.5.1/bin/annotate:23
Started GET "/" for ::1 at 2020-05-22 10:59:09 -0700
  [1m[35m (1.6ms)[0m  [1m[34mSELECT "schema_migrations"."version" FROM "schema_migrations" ORDER BY "schema_migrations"."version" ASC[0m
  ↳ /Users/wendykuang/.rbenv/versions/2.5.1/lib/ruby/gems/2.5.0/gems/activerecord-5.2.4.3/lib/active_record/log_subscriber.rb:98
Processing by Rails::WelcomeController#index as HTML
  Rendering /Users/wendykuang/.rbenv/versions/2.5.1/lib/ruby/gems/2.5.0/gems/railties-5.2.4.3/lib/rails/templates/rails/welcome/index.html.erb
  Rendered /Users/wendykuang/.rbenv/versions/2.5.1/lib/ruby/gems/2.5.0/gems/railties-5.2.4.3/lib/rails/templates/rails/welcome/index.html.erb (7.3ms)
Completed 200 OK in 51ms (Views: 23.6ms | ActiveRecord: 0.0ms)


Started GET "/users/new" for ::1 at 2020-05-22 10:59:21 -0700
Processing by UsersController#new as HTML
Completed 500 Internal Server Error in 9ms (ActiveRecord: 0.0ms)


  
ArgumentError (Range unspecified. Specify the :in, :within, :maximum, :minimum, or :is option.):
  
app/models/user.rb:15:in `<class:User>'
app/models/user.rb:12:in `<top (required)>'
app/controllers/application_controller.rb:6:in `current_user'
app/controllers/application_controller.rb:24:in `logged_in?'
app/controllers/application_controller.rb:10:in `require_login'
Started GET "/users/new" for ::1 at 2020-05-22 11:00:20 -0700
Processing by UsersController#new as HTML
  [1m[36mUser Load (16.9ms)[0m  [1m[34mSELECT  "users".* FROM "users" WHERE "users"."session_token" IS NULL LIMIT $1[0m  [["LIMIT", 1]]
  ↳ app/controllers/application_controller.rb:6
Redirected to http://localhost:3000/session/new
Filter chain halted as :require_login rendered or redirected
Completed 302 Found in 42ms (ActiveRecord: 21.5ms)


Started GET "/session/new" for ::1 at 2020-05-22 11:00:20 -0700
Processing by SessionsController#new as HTML
Completed 500 Internal Server Error in 40ms (ActiveRecord: 11.4ms)


  
ActionView::MissingTemplate (Missing template sessions/new, application/new with {:locale=>[:en], :formats=>[:html], :variants=>[], :handlers=>[:raw, :erb, :html, :builder, :ruby, :coffee, :jbuilder]}. Searched in:
  * "/Users/wendykuang/Desktop/w7d5/reddit/Reddit_Clone/app/views"
):
  
app/controllers/sessions_controller.rb:9:in `new'
Started GET "/session/new" for ::1 at 2020-05-22 11:00:52 -0700
Processing by SessionsController#new as HTML
  Rendering sessions/new.html.erb within layouts/application
  Rendered sessions/new.html.erb within layouts/application (0.9ms)
Completed 200 OK in 1127ms (Views: 1125.4ms | ActiveRecord: 0.0ms)


Started GET "/session/new" for ::1 at 2020-05-22 11:00:57 -0700
Processing by SessionsController#new as HTML
  Rendering sessions/new.html.erb within layouts/application
  Rendered sessions/new.html.erb within layouts/application (1.5ms)
Completed 200 OK in 89ms (Views: 86.8ms | ActiveRecord: 0.0ms)


Started GET "/users/new" for ::1 at 2020-05-22 11:02:39 -0700
Processing by UsersController#new as HTML
  [1m[36mUser Load (1.0ms)[0m  [1m[34mSELECT  "users".* FROM "users" WHERE "users"."session_token" IS NULL LIMIT $1[0m  [["LIMIT", 1]]
  ↳ app/controllers/application_controller.rb:6
Redirected to http://localhost:3000/session/new
Filter chain halted as :require_login rendered or redirected
Completed 302 Found in 5ms (ActiveRecord: 1.0ms)


Started GET "/session/new" for ::1 at 2020-05-22 11:02:39 -0700
Processing by SessionsController#new as HTML
  Rendering sessions/new.html.erb within layouts/application
  Rendered sessions/new.html.erb within layouts/application (0.5ms)
Completed 200 OK in 83ms (Views: 81.2ms | ActiveRecord: 0.0ms)


  [1m[35m (0.4ms)[0m  [1m[35mBEGIN[0m
  [1m[36mUser Exists (1.8ms)[0m  [1m[34mSELECT  1 AS one FROM "users" WHERE "users"."username" = $1 LIMIT $2[0m  [["username", "Wendy"], ["LIMIT", 1]]
  [1m[36mUser Exists (1.1ms)[0m  [1m[34mSELECT  1 AS one FROM "users" WHERE "users"."session_token" = $1 LIMIT $2[0m  [["session_token", "WGlG_axKKPDSeddLdckpkw"], ["LIMIT", 1]]
  [1m[36mUser Create (2.2ms)[0m  [1m[32mINSERT INTO "users" ("username", "password_digest", "session_token", "created_at", "updated_at") VALUES ($1, $2, $3, $4, $5) RETURNING "id"[0m  [["username", "Wendy"], ["password_digest", "$2a$12$SUgMclUcYb8TEajqRwpzi.f7L8ANWzTkobFkyX/.WK093fsAjJsxy"], ["session_token", "WGlG_axKKPDSeddLdckpkw"], ["created_at", "2020-05-22 18:31:22.255052"], ["updated_at", "2020-05-22 18:31:22.255052"]]
  [1m[35m (10.9ms)[0m  [1m[35mCOMMIT[0m
  [1m[35m (0.3ms)[0m  [1m[35mBEGIN[0m
  [1m[36mUser Exists (0.8ms)[0m  [1m[34mSELECT  1 AS one FROM "users" WHERE "users"."username" = $1 LIMIT $2[0m  [["username", "calos"], ["LIMIT", 1]]
  [1m[36mUser Exists (0.6ms)[0m  [1m[34mSELECT  1 AS one FROM "users" WHERE "users"."session_token" = $1 LIMIT $2[0m  [["session_token", "j-RE446OCmgcgy4z0_xX6A"], ["LIMIT", 1]]
  [1m[35m (12.2ms)[0m  [1m[31mROLLBACK[0m
  [1m[36mUser Load (12.0ms)[0m  [1m[34mSELECT  "users".* FROM "users" WHERE "users"."username" = $1 LIMIT $2[0m  [["username", "Wendy"], ["LIMIT", 1]]
  [1m[36mUser Load (0.7ms)[0m  [1m[34mSELECT  "users".* FROM "users" WHERE "users"."username" = $1 LIMIT $2[0m  [["username", "Wendy"], ["LIMIT", 1]]
  [1m[36mUser Load (0.7ms)[0m  [1m[34mSELECT  "users".* FROM "users" WHERE "users"."username" = $1 LIMIT $2[0m  [["username", "Wendy"], ["LIMIT", 1]]
Started GET "/users" for ::1 at 2020-05-22 12:03:59 -0700
  [1m[35m (2.0ms)[0m  [1m[34mSELECT "schema_migrations"."version" FROM "schema_migrations" ORDER BY "schema_migrations"."version" ASC[0m
  ↳ /Users/wendykuang/.rbenv/versions/2.5.1/lib/ruby/gems/2.5.0/gems/activerecord-5.2.4.3/lib/active_record/log_subscriber.rb:98
Processing by UsersController#index as HTML
  [1m[36mUser Load (0.9ms)[0m  [1m[34mSELECT  "users".* FROM "users" WHERE "users"."session_token" IS NULL LIMIT $1[0m  [["LIMIT", 1]]
  ↳ app/controllers/application_controller.rb:6
Redirected to http://localhost:3000/session/new
Filter chain halted as :require_login rendered or redirected
Completed 302 Found in 25ms (ActiveRecord: 7.8ms)


Started GET "/session/new" for ::1 at 2020-05-22 12:03:59 -0700
Processing by SessionsController#new as HTML
Completed 500 Internal Server Error in 34246ms (ActiveRecord: 12.3ms)


  
SystemExit (exit):
  
(byebug):1:in `exit'
(byebug):1:in `ensure_session_token'
app/models/user.rb:61:in `ensure_session_token'
app/controllers/sessions_controller.rb:8:in `new'
Started GET "/session/new" for ::1 at 2020-05-22 12:05:15 -0700
  [1m[35m (1.6ms)[0m  [1m[34mSELECT "schema_migrations"."version" FROM "schema_migrations" ORDER BY "schema_migrations"."version" ASC[0m
  ↳ /Users/wendykuang/.rbenv/versions/2.5.1/lib/ruby/gems/2.5.0/gems/activerecord-5.2.4.3/lib/active_record/log_subscriber.rb:98
Processing by SessionsController#new as HTML
  Rendering sessions/new.html.erb within layouts/application
  Rendered sessions/new.html.erb within layouts/application (622.7ms)
Completed 500 Internal Server Error in 724ms (ActiveRecord: 25.9ms)


  
ActionView::Template::Error (undefined local variable or method `sessions_url' for #<#<Class:0x00007fab89e5d530>:0x00007fab8b22bfa8>
Did you mean?  session_url):
    1: <h1>Login</h1>
    2: <form action="<%= sessions_url %>" method="post">
    3:     <input type="hidden" name="authenticity_token" value="<%= form_authenticity_token%>"> 
    4:     <label>Username 
    5:         <input type="text" name="user[username]" />
  
app/views/sessions/new.html.erb:2:in `_app_views_sessions_new_html_erb___3086057881187597516_70187368811340'
app/controllers/sessions_controller.rb:9:in `new'
Started GET "/session/new" for ::1 at 2020-05-22 12:07:06 -0700
Processing by SessionsController#new as HTML
  Rendering sessions/new.html.erb within layouts/application
  Rendered sessions/new.html.erb within layouts/application (396.5ms)
Completed 500 Internal Server Error in 411ms (ActiveRecord: 0.0ms)


  
ActionView::Template::Error (undefined local variable or method `sessions_url' for #<#<Class:0x00007fab89e5d530>:0x00007fab8a782f48>
Did you mean?  session_url):
    1: <h1>Login</h1>
    2: <form action="<%= sessions_url%>" method="post">
    3:     <input type="hidden" name="authenticity_token" value="<%= form_authenticity_token%>"> 
    4:     <label>Username 
    5:         <input type="text" name="user[username]" />
  
app/views/sessions/new.html.erb:2:in `_app_views_sessions_new_html_erb___3086057881187597516_70187369618380'
app/controllers/sessions_controller.rb:9:in `new'
Started GET "/session/new" for ::1 at 2020-05-22 12:07:41 -0700
Processing by SessionsController#new as HTML
  Rendering sessions/new.html.erb within layouts/application
  Rendered sessions/new.html.erb within layouts/application (1.1ms)
Completed 200 OK in 385ms (Views: 383.5ms | ActiveRecord: 0.0ms)


Started POST "/session" for ::1 at 2020-05-22 12:07:58 -0700
Processing by SessionsController#create as HTML
  Parameters: {"authenticity_token"=>"/i+jHnGtHhQ1ENHy+a4y739G4UTyuF7Ua/sbzU/MLyWTjKk2+/XbiI3RTmnpc0O5Zul5thhUv1GrodxReWOpnQ==", "user"=>{"username"=>"Wendy", "password"=>"[FILTERED]"}}
  [1m[36mUser Load (11.5ms)[0m  [1m[34mSELECT  "users".* FROM "users" WHERE "users"."username" = $1 LIMIT $2[0m  [["username", "Wendy"], ["LIMIT", 1]]
  ↳ app/models/user.rb:35
Redirected to http://localhost:3000/session/new
Completed 302 Found in 445ms (ActiveRecord: 11.8ms)


Started GET "/session/new" for ::1 at 2020-05-22 12:07:58 -0700
Processing by SessionsController#new as HTML
  Rendering sessions/new.html.erb within layouts/application
  Rendered sessions/new.html.erb within layouts/application (1.1ms)
Completed 200 OK in 74ms (Views: 72.7ms | ActiveRecord: 0.0ms)


Started GET "/session/new" for ::1 at 2020-05-22 12:10:10 -0700
Processing by SessionsController#new as HTML
  Rendering sessions/new.html.erb within layouts/application
  Rendered sessions/new.html.erb within layouts/application (444.6ms)
Completed 500 Internal Server Error in 496ms (ActiveRecord: 11.2ms)


  
ActionView::Template::Error (undefined local variable or method `sessions_url' for #<#<Class:0x00007fab8b32abe8>:0x00007fab8f142c00>
Did you mean?  session_url):
    1: <h1>Login</h1>
    2: <form action="<%= sessions_url%>" method="post">
    3:     <input type="hidden" name="authenticity_token" value="<%= form_authenticity_token%>"> 
    4:     <label>Username 
    5:         <input type="text" name="user[username]" />
  
app/views/sessions/new.html.erb:2:in `_app_views_sessions_new_html_erb___3086057881187597516_70187400773200'
app/controllers/sessions_controller.rb:9:in `new'
Started GET "/users/new" for ::1 at 2020-05-22 12:10:17 -0700
Processing by UsersController#new as HTML
  [1m[36mUser Load (1.9ms)[0m  [1m[34mSELECT  "users".* FROM "users" WHERE "users"."session_token" IS NULL LIMIT $1[0m  [["LIMIT", 1]]
  ↳ app/controllers/application_controller.rb:6
Redirected to http://localhost:3000/session/new
Filter chain halted as :require_login rendered or redirected
Completed 302 Found in 8ms (ActiveRecord: 1.9ms)


Started GET "/session/new" for ::1 at 2020-05-22 12:10:17 -0700
Processing by SessionsController#new as HTML
  Rendering sessions/new.html.erb within layouts/application
  Rendered sessions/new.html.erb within layouts/application (434.2ms)
Completed 500 Internal Server Error in 458ms (ActiveRecord: 0.0ms)


  
ActionView::Template::Error (undefined local variable or method `sessions_url' for #<#<Class:0x00007fab8b32abe8>:0x00007fab8ad880a0>
Did you mean?  session_url):
    1: <h1>Login</h1>
    2: <form action="<%= sessions_url%>" method="post">
    3:     <input type="hidden" name="authenticity_token" value="<%= form_authenticity_token%>"> 
    4:     <label>Username 
    5:         <input type="text" name="user[username]" />
  
app/views/sessions/new.html.erb:2:in `_app_views_sessions_new_html_erb___3086057881187597516_70187402892920'
app/controllers/sessions_controller.rb:9:in `new'
Started GET "/session/new" for ::1 at 2020-05-22 12:10:44 -0700
Processing by SessionsController#new as HTML
  Rendering sessions/new.html.erb within layouts/application
  Rendered sessions/new.html.erb within layouts/application (0.7ms)
Completed 200 OK in 67ms (Views: 66.4ms | ActiveRecord: 0.0ms)


Started GET "/session/new" for ::1 at 2020-05-22 12:12:20 -0700
Processing by SessionsController#new as HTML
  Rendering sessions/new.html.erb within layouts/application
  Rendered sessions/new.html.erb within layouts/application (1.0ms)
Completed 200 OK in 73ms (Views: 72.1ms | ActiveRecord: 0.0ms)


Started GET "/session/new" for ::1 at 2020-05-22 12:39:43 -0700
Processing by SessionsController#new as HTML
  Rendering sessions/new.html.erb within layouts/application
  Rendered sessions/new.html.erb within layouts/application (0.7ms)
Completed 200 OK in 60ms (Views: 58.9ms | ActiveRecord: 0.0ms)


Started GET "/users/new" for ::1 at 2020-05-22 12:40:12 -0700
Processing by UsersController#new as HTML
  [1m[36mUser Load (9.4ms)[0m  [1m[34mSELECT  "users".* FROM "users" WHERE "users"."session_token" IS NULL LIMIT $1[0m  [["LIMIT", 1]]
  ↳ app/controllers/application_controller.rb:6
Redirected to http://localhost:3000/session/new
Filter chain halted as :require_login rendered or redirected
Completed 302 Found in 19ms (ActiveRecord: 10.7ms)


Started GET "/session/new" for ::1 at 2020-05-22 12:40:12 -0700
Processing by SessionsController#new as HTML
  Rendering sessions/new.html.erb within layouts/application
  Rendered sessions/new.html.erb within layouts/application (1.0ms)
Completed 200 OK in 59ms (Views: 57.8ms | ActiveRecord: 0.0ms)


Started GET "/users/new" for ::1 at 2020-05-22 12:40:13 -0700
Processing by UsersController#new as HTML
  [1m[36mUser Load (0.6ms)[0m  [1m[34mSELECT  "users".* FROM "users" WHERE "users"."session_token" IS NULL LIMIT $1[0m  [["LIMIT", 1]]
  ↳ app/controllers/application_controller.rb:6
Redirected to http://localhost:3000/session/new
Filter chain halted as :require_login rendered or redirected
Completed 302 Found in 6ms (ActiveRecord: 0.6ms)


Started GET "/session/new" for ::1 at 2020-05-22 12:40:13 -0700
Processing by SessionsController#new as HTML
  Rendering sessions/new.html.erb within layouts/application
  Rendered sessions/new.html.erb within layouts/application (0.7ms)
Completed 200 OK in 66ms (Views: 65.3ms | ActiveRecord: 0.0ms)


Started GET "/session/new" for ::1 at 2020-05-22 12:40:37 -0700
Processing by SessionsController#new as HTML
  Rendering sessions/new.html.erb within layouts/application
  Rendered sessions/new.html.erb within layouts/application (1.7ms)
Completed 200 OK in 65ms (Views: 63.7ms | ActiveRecord: 0.0ms)


Started GET "/users/new" for ::1 at 2020-05-22 12:40:44 -0700
Processing by UsersController#new as HTML
  [1m[36mUser Load (5.2ms)[0m  [1m[34mSELECT  "users".* FROM "users" WHERE "users"."session_token" IS NULL LIMIT $1[0m  [["LIMIT", 1]]
  ↳ app/controllers/application_controller.rb:6
Redirected to http://localhost:3000/session/new
Filter chain halted as :require_login rendered or redirected
Completed 302 Found in 12ms (ActiveRecord: 5.2ms)


Started GET "/session/new" for ::1 at 2020-05-22 12:40:44 -0700
Processing by SessionsController#new as HTML
  Rendering sessions/new.html.erb within layouts/application
  Rendered sessions/new.html.erb within layouts/application (0.7ms)
Completed 200 OK in 54ms (Views: 52.1ms | ActiveRecord: 0.0ms)


Started GET "/users/new" for ::1 at 2020-05-22 12:40:45 -0700
Processing by UsersController#new as HTML
  [1m[36mUser Load (0.5ms)[0m  [1m[34mSELECT  "users".* FROM "users" WHERE "users"."session_token" IS NULL LIMIT $1[0m  [["LIMIT", 1]]
  ↳ app/controllers/application_controller.rb:6
Redirected to http://localhost:3000/session/new
Filter chain halted as :require_login rendered or redirected
Completed 302 Found in 4ms (ActiveRecord: 0.5ms)


Started GET "/session/new" for ::1 at 2020-05-22 12:40:45 -0700
Processing by SessionsController#new as HTML
  Rendering sessions/new.html.erb within layouts/application
  Rendered sessions/new.html.erb within layouts/application (1.3ms)
Completed 200 OK in 50ms (Views: 49.1ms | ActiveRecord: 0.0ms)


Started GET "/session/new" for ::1 at 2020-05-22 12:41:12 -0700
Processing by SessionsController#new as HTML
  Rendering sessions/new.html.erb within layouts/application
  Rendered sessions/new.html.erb within layouts/application (0.7ms)
Completed 200 OK in 52ms (Views: 51.6ms | ActiveRecord: 0.0ms)


Started GET "/users/new" for ::1 at 2020-05-22 12:41:14 -0700
Processing by UsersController#new as HTML
  [1m[36mUser Load (4.5ms)[0m  [1m[34mSELECT  "users".* FROM "users" WHERE "users"."session_token" IS NULL LIMIT $1[0m  [["LIMIT", 1]]
  ↳ app/controllers/application_controller.rb:6
Redirected to http://localhost:3000/session/new
Filter chain halted as :require_login rendered or redirected
Completed 302 Found in 7ms (ActiveRecord: 4.5ms)


Started GET "/session/new" for ::1 at 2020-05-22 12:41:14 -0700
Processing by SessionsController#new as HTML
  Rendering sessions/new.html.erb within layouts/application
  Rendered sessions/new.html.erb within layouts/application (1.5ms)
Completed 200 OK in 44ms (Views: 42.9ms | ActiveRecord: 0.0ms)


Started GET "/users/new" for ::1 at 2020-05-22 12:41:15 -0700
Processing by UsersController#new as HTML
  [1m[36mUser Load (2.2ms)[0m  [1m[34mSELECT  "users".* FROM "users" WHERE "users"."session_token" IS NULL LIMIT $1[0m  [["LIMIT", 1]]
  ↳ app/controllers/application_controller.rb:6
Redirected to http://localhost:3000/session/new
Filter chain halted as :require_login rendered or redirected
Completed 302 Found in 7ms (ActiveRecord: 2.2ms)


Started GET "/session/new" for ::1 at 2020-05-22 12:41:15 -0700
Processing by SessionsController#new as HTML
  Rendering sessions/new.html.erb within layouts/application
  Rendered sessions/new.html.erb within layouts/application (0.7ms)
Completed 200 OK in 51ms (Views: 50.4ms | ActiveRecord: 0.0ms)


Started GET "/session/new" for ::1 at 2020-05-22 12:41:42 -0700
Processing by SessionsController#new as HTML
  Rendering sessions/new.html.erb within layouts/application
  Rendered sessions/new.html.erb within layouts/application (0.8ms)
Completed 200 OK in 55ms (Views: 54.2ms | ActiveRecord: 0.0ms)


Started GET "/session/new" for ::1 at 2020-05-22 12:41:45 -0700
Processing by SessionsController#new as HTML
  Rendering sessions/new.html.erb within layouts/application
  Rendered sessions/new.html.erb within layouts/application (0.9ms)
Completed 200 OK in 59ms (Views: 57.5ms | ActiveRecord: 0.0ms)


Started GET "/session/new" for ::1 at 2020-05-22 12:41:46 -0700
Processing by SessionsController#new as HTML
  Rendering sessions/new.html.erb within layouts/application
  Rendered sessions/new.html.erb within layouts/application (0.9ms)
Completed 200 OK in 65ms (Views: 63.8ms | ActiveRecord: 0.0ms)


Started GET "/users/new" for ::1 at 2020-05-22 12:41:47 -0700
Processing by UsersController#new as HTML
  [1m[36mUser Load (6.3ms)[0m  [1m[34mSELECT  "users".* FROM "users" WHERE "users"."session_token" IS NULL LIMIT $1[0m  [["LIMIT", 1]]
  ↳ app/controllers/application_controller.rb:6
Redirected to http://localhost:3000/session/new
Filter chain halted as :require_login rendered or redirected
Completed 302 Found in 10ms (ActiveRecord: 6.3ms)


Started GET "/session/new" for ::1 at 2020-05-22 12:41:47 -0700
Processing by SessionsController#new as HTML
  Rendering sessions/new.html.erb within layouts/application
  Rendered sessions/new.html.erb within layouts/application (0.8ms)
Completed 200 OK in 42ms (Views: 41.4ms | ActiveRecord: 0.0ms)


Started GET "/" for ::1 at 2020-05-22 16:05:08 -0700
  [1m[35m (8.7ms)[0m  [1m[34mSELECT "schema_migrations"."version" FROM "schema_migrations" ORDER BY "schema_migrations"."version" ASC[0m
  ↳ /Users/wendykuang/.rbenv/versions/2.5.1/lib/ruby/gems/2.5.0/gems/activerecord-5.2.4.3/lib/active_record/log_subscriber.rb:98
Processing by Rails::WelcomeController#index as HTML
  Rendering /Users/wendykuang/.rbenv/versions/2.5.1/lib/ruby/gems/2.5.0/gems/railties-5.2.4.3/lib/rails/templates/rails/welcome/index.html.erb
  Rendered /Users/wendykuang/.rbenv/versions/2.5.1/lib/ruby/gems/2.5.0/gems/railties-5.2.4.3/lib/rails/templates/rails/welcome/index.html.erb (6.9ms)
Completed 200 OK in 50ms (Views: 25.5ms | ActiveRecord: 0.0ms)


Started GET "/users/new" for ::1 at 2020-05-22 16:05:15 -0700
Processing by UsersController#new as HTML
  [1m[36mUser Load (26.2ms)[0m  [1m[34mSELECT  "users".* FROM "users" WHERE "users"."session_token" IS NULL LIMIT $1[0m  [["LIMIT", 1]]
  ↳ app/controllers/application_controller.rb:6
Redirected to http://localhost:3000/session/new
Filter chain halted as :require_login rendered or redirected
Completed 302 Found in 82ms (ActiveRecord: 60.0ms)


Started GET "/session/new" for ::1 at 2020-05-22 16:05:16 -0700
Processing by SessionsController#new as HTML
  Rendering sessions/new.html.erb within layouts/application
  Rendered sessions/new.html.erb within layouts/application (1.5ms)
Completed 200 OK in 504ms (Views: 456.8ms | ActiveRecord: 31.5ms)


Started GET "/users/new" for ::1 at 2020-05-22 16:05:18 -0700
Processing by UsersController#new as HTML
  [1m[36mUser Load (0.9ms)[0m  [1m[34mSELECT  "users".* FROM "users" WHERE "users"."session_token" IS NULL LIMIT $1[0m  [["LIMIT", 1]]
  ↳ app/controllers/application_controller.rb:6
Redirected to http://localhost:3000/session/new
Filter chain halted as :require_login rendered or redirected
Completed 302 Found in 7ms (ActiveRecord: 0.9ms)


Started GET "/session/new" for ::1 at 2020-05-22 16:05:18 -0700
Processing by SessionsController#new as HTML
  Rendering sessions/new.html.erb within layouts/application
  Rendered sessions/new.html.erb within layouts/application (1.8ms)
Completed 200 OK in 47ms (Views: 45.5ms | ActiveRecord: 0.0ms)


Started GET "/session/new" for ::1 at 2020-05-22 16:05:19 -0700
Processing by SessionsController#new as HTML
  Rendering sessions/new.html.erb within layouts/application
  Rendered sessions/new.html.erb within layouts/application (0.9ms)
Completed 200 OK in 60ms (Views: 58.5ms | ActiveRecord: 0.0ms)


